<?xml version="1.0" encoding="UTF-8"?>
<!-- Generated by org.testng.reporters.JUnitXMLReporter -->
<testsuite ignored="0" hostname="DESKTOP-SUSOONB" failures="0" tests="3" name="OneThreadTests" time="20.353" errors="0" timestamp="20 дек. 2020 02:24:49 GMT">
  <testcase classname="tests.wikiTests.WikiTableTests" name="verifyCountryWithMostTallestBuildings" time="8.367"/>
  <testcase classname="tests.wikiTests.WikiTableTests" name="verifyOldestBuilding" time="4.403"/>
  <testcase classname="tests.wikiTests.WikiTableTests" name="verifySortingByNameAndHeight" time="5.763"/>
</testsuite> <!-- OneThreadTests -->
